<?xml version="1.0" encoding="UTF-8"?>
<!-- Generated by org.testng.reporters.JUnitReportReporter -->
<testsuite hostname="LTIN518652" failures="0" tests="5" name="testCases.TC_001_UserInfoTest" time="25.354" errors="0" timestamp="2024-06-04T14:54:13 IST" skipped="0">
  <testcase classname="testCases.TC_001_UserInfoTest" name="verifyUserInfoDisplay" time="5.300"/>
  <testcase classname="testCases.TC_001_UserInfoTest" name="verifyUserInfoDisplay" time="4.862"/>
  <testcase classname="testCases.TC_001_UserInfoTest" name="verifyUserInfoDisplay" time="5.098"/>
  <testcase classname="testCases.TC_001_UserInfoTest" name="verifyUserInfoDisplay" time="4.871"/>
  <testcase classname="testCases.TC_001_UserInfoTest" name="verifyUserInfoDisplay" time="5.223"/>
</testsuite> <!-- testCases.TC_001_UserInfoTest -->
