<?xml version="1.0" encoding="UTF-8"?>
<!-- Generated by org.testng.reporters.JUnitReportReporter -->
<testsuite hostname="LTIN518652" failures="0" tests="5" name="testCases.TC_006_LinksActiveTest" time="11.644" errors="0" timestamp="2024-06-04T14:54:13 IST" skipped="0">
  <testcase classname="testCases.TC_006_LinksActiveTest" name="checkingLinks" time="10.212"/>
  <testcase classname="testCases.TC_006_LinksActiveTest" name="checkingLinks" time="0.307"/>
  <testcase classname="testCases.TC_006_LinksActiveTest" name="checkingLinks" time="0.301"/>
  <testcase classname="testCases.TC_006_LinksActiveTest" name="checkingLinks" time="0.326"/>
  <testcase classname="testCases.TC_006_LinksActiveTest" name="checkingLinks" time="0.498"/>
</testsuite> <!-- testCases.TC_006_LinksActiveTest -->
