<?xml version="1.0" encoding="UTF-8"?>
<!-- Generated by org.testng.reporters.JUnitReportReporter -->
<testsuite hostname="LTIN518652" failures="0" tests="5" name="testCases.TC_005_NewsLetterTest" time="1.957" errors="0" timestamp="2024-06-04T14:54:13 IST" skipped="0">
  <testcase classname="testCases.TC_005_NewsLetterTest" name="getNewsLetter" time="0.247"/>
  <testcase classname="testCases.TC_005_NewsLetterTest" name="getNewsLetter" time="0.507"/>
  <testcase classname="testCases.TC_005_NewsLetterTest" name="getNewsLetter" time="0.560"/>
  <testcase classname="testCases.TC_005_NewsLetterTest" name="getNewsLetter" time="0.421"/>
  <testcase classname="testCases.TC_005_NewsLetterTest" name="getNewsLetter" time="0.222"/>
</testsuite> <!-- testCases.TC_005_NewsLetterTest -->
