<?xml version="1.0" encoding="UTF-8"?>
<!-- Generated by org.testng.reporters.JUnitReportReporter -->
<testsuite hostname="LTIN518652" failures="0" tests="5" name="testCases.TC_004_ShareOptionTest" time="3.685" errors="0" timestamp="2024-06-04T14:54:13 IST" skipped="0">
  <testcase classname="testCases.TC_004_ShareOptionTest" name="validateShareOption" time="0.698"/>
  <testcase classname="testCases.TC_004_ShareOptionTest" name="validateShareOption" time="0.918"/>
  <testcase classname="testCases.TC_004_ShareOptionTest" name="validateShareOption" time="0.736"/>
  <testcase classname="testCases.TC_004_ShareOptionTest" name="validateShareOption" time="0.644"/>
  <testcase classname="testCases.TC_004_ShareOptionTest" name="validateShareOption" time="0.689"/>
</testsuite> <!-- testCases.TC_004_ShareOptionTest -->
