<?xml version="1.0" encoding="UTF-8"?>
<!-- Generated by org.testng.reporters.JUnitReportReporter -->
<testsuite hostname="LTIN518652" failures="0" tests="5" name="testCases.TC_002_CheckTitleTest" time="16.826" errors="0" timestamp="2024-06-04T14:54:13 IST" skipped="0">
  <testcase classname="testCases.TC_002_CheckTitleTest" name="checkTitle" time="3.396"/>
  <testcase classname="testCases.TC_002_CheckTitleTest" name="checkTitle" time="3.748"/>
  <testcase classname="testCases.TC_002_CheckTitleTest" name="checkTitle" time="3.442"/>
  <testcase classname="testCases.TC_002_CheckTitleTest" name="checkTitle" time="2.720"/>
  <testcase classname="testCases.TC_002_CheckTitleTest" name="checkTitle" time="3.520"/>
</testsuite> <!-- testCases.TC_002_CheckTitleTest -->
